16:43:58 : rename : valery@DESKTOP-JI3SL81 : 'Assets/XiRename/Prefabs/Cube.prefab' -> 'Assets\XiRename\Prefabs/cube.prefab'
16:44:8 : rename : valery@DESKTOP-JI3SL81 : 'Assets/XiRename/Prefabs/Cube.prefab' -> 'Assets\XiRename\Prefabs/cube.prefab'
16:45:0 : rename : valery@DESKTOP-JI3SL81 : 'Assets/XiRename/Prefabs/Sphere.prefab' -> 'Assets\XiRename\Prefabs/sphere.prefab'
16:45:0 : rename : valery@DESKTOP-JI3SL81 : 'Assets/XiRename/Prefabs/Cube.prefab' -> 'Assets\XiRename\Prefabs/cube.prefab'
2:2:2 : rename : valery@DESKTOP-JI3SL81 : 'Assets/XiRename/Prefabs/Sphere.prefab' -> 'Assets\XiRename\Prefabs/sphere.prefab'
2:2:2 : rename : valery@DESKTOP-JI3SL81 : 'Assets/XiRename/Prefabs/Cube.prefab' -> 'Assets\XiRename\Prefabs/cube.prefab'
16:47:11 : rename : valery@DESKTOP-JI3SL81 : 'Assets/XiRename/Prefabs/Sphere.prefab' -> 'Assets\XiRename\Prefabs/sphere.prefab'
16:58:14 : [rename] : valery@DESKTOP-JI3SL81 : 'Assets/XiRename/Prefabs/Cube.prefab' -> 'Assets/XiRename/Prefabs/cube.prefab'
16:58:22 : [rename] : valery@DESKTOP-JI3SL81 : 'Assets/XiRename/Prefabs/Cube.prefab' -> 'Assets/XiRename/Prefabs/cube.prefab'
16:59:35 : [rename] : valery@DESKTOP-JI3SL81 : 'Assets/XiRename/Prefabs/Cube.prefab' -> 'Assets/XiRename/Prefabs/cube.prefab'
17:00:52 : [rename] : valery@DESKTOP-JI3SL81 : 'Assets/XiRename/Prefabs/Cube.prefab' -> 'Assets/XiRename/Prefabs/cube-x.prefab'
17:01:10 : [rename] : valery@DESKTOP-JI3SL81 : 'Assets/XiRename/Prefabs/Sphere.prefab' -> 'Assets/XiRename/Prefabs/sphere-x.prefab'
17:03:49 : [rename] : valery@DESKTOP-JI3SL81 : 'Assets/XiRename/Prefabs/Sphere.prefab' -> 'Assets/XiRename/Prefabs/sphere.prefab'
17:04:51 : [rename] : valery@DESKTOP-JI3SL81 : 'Assets/XiRename/Prefabs/Cube.prefab' -> 'Assets/XiRename/Prefabs/cube-x.prefab'
17:08:19 : [rename] : valery@DESKTOP-JI3SL81 : 'Assets/XiRename/Prefabs/Cube.prefab' -> 'cube-x.prefab'
17:09:11 : [rename] : valery@DESKTOP-JI3SL81 : 'Assets/XiRename/Prefabs/cube-x.prefab' -> 'Cube.prefab'
17:09:34 : [rename] : valery@DESKTOP-JI3SL81 : 'Assets/XiRename/Prefabs/Cube.prefab' -> 'cube.prefab'
17:09:41 : [rename] : valery@DESKTOP-JI3SL81 : 'Assets/XiRename/Prefabs/cube.prefab' -> 'Cube.prefab'
17:11:50 : [rename] : valery@DESKTOP-JI3SL81 : 'Assets/XiRename/Prefabs/Sphere.prefab' -> 'PS_Sphere.prefab'
17:11:50 : [rename] : valery@DESKTOP-JI3SL81 : 'Assets/XiRename/Prefabs/Cube.prefab' -> 'PS_Cube.prefab'
17:11:58 : [rename] : valery@DESKTOP-JI3SL81 : 'Assets/XiRename/Prefabs/PS_Sphere.prefab' -> 'Sphere.prefab'
17:12:03 : [rename] : valery@DESKTOP-JI3SL81 : 'Assets/XiRename/Prefabs/PS_Cube.prefab' -> 'Cube.prefab'
